{"/Users/heltan/Documents/Atelier/client/src/components/ratingsReviews/images.jsx": {"path":"/Users/heltan/Documents/Atelier/client/src/components/ratingsReviews/images.jsx","statementMap":{"0":{"start":{"line":5,"column":8},"end":{"line":5,"column":21}},"1":{"start":{"line":6,"column":8},"end":{"line":9,"column":9}},"2":{"start":{"line":10,"column":9},"end":{"line":10,"column":62}},"3":{"start":{"line":14,"column":24},"end":{"line":14,"column":26}},"4":{"start":{"line":15,"column":8},"end":{"line":17,"column":10}},"5":{"start":{"line":16,"column":12},"end":{"line":16,"column":82}},"6":{"start":{"line":18,"column":18},"end":{"line":18,"column":40}},"7":{"start":{"line":19,"column":8},"end":{"line":19,"column":37}},"8":{"start":{"line":24,"column":8},"end":{"line":24,"column":46}},"9":{"start":{"line":27,"column":8},"end":{"line":30,"column":14}}},"fnMap":{"0":{"name":"(anonymous_0)","decl":{"start":{"line":4,"column":4},"end":{"line":4,"column":5}},"loc":{"start":{"line":4,"column":23},"end":{"line":11,"column":5}},"line":4},"1":{"name":"(anonymous_1)","decl":{"start":{"line":12,"column":4},"end":{"line":12,"column":5}},"loc":{"start":{"line":12,"column":29},"end":{"line":21,"column":5}},"line":12},"2":{"name":"(anonymous_2)","decl":{"start":{"line":15,"column":25},"end":{"line":15,"column":26}},"loc":{"start":{"line":15,"column":34},"end":{"line":17,"column":9}},"line":15},"3":{"name":"(anonymous_3)","decl":{"start":{"line":22,"column":4},"end":{"line":22,"column":5}},"loc":{"start":{"line":22,"column":24},"end":{"line":25,"column":5}},"line":22},"4":{"name":"(anonymous_4)","decl":{"start":{"line":26,"column":4},"end":{"line":26,"column":5}},"loc":{"start":{"line":26,"column":13},"end":{"line":31,"column":5}},"line":26}},"branchMap":{},"s":{"0":0,"1":0,"2":0,"3":0,"4":0,"5":0,"6":0,"7":0,"8":0,"9":0},"f":{"0":0,"1":0,"2":0,"3":0,"4":0},"b":{},"_coverageSchema":"1a1c01bbd47fc00a2c39e90264f33305004495a9","hash":"d5ee22729247ce4fdd998089acd8a017bb34b201"}
,"/Users/heltan/Documents/Atelier/client/src/components/ratingsReviews/ratings.jsx": {"path":"/Users/heltan/Documents/Atelier/client/src/components/ratingsReviews/ratings.jsx","statementMap":{"0":{"start":{"line":8,"column":8},"end":{"line":8,"column":21}},"1":{"start":{"line":9,"column":8},"end":{"line":17,"column":9}},"2":{"start":{"line":18,"column":8},"end":{"line":18,"column":53}},"3":{"start":{"line":19,"column":8},"end":{"line":19,"column":59}},"4":{"start":{"line":20,"column":8},"end":{"line":20,"column":53}},"5":{"start":{"line":21,"column":8},"end":{"line":21,"column":75}},"6":{"start":{"line":22,"column":8},"end":{"line":22,"column":77}},"7":{"start":{"line":26,"column":10},"end":{"line":40,"column":10}},"8":{"start":{"line":35,"column":12},"end":{"line":38,"column":14}},"9":{"start":{"line":36,"column":16},"end":{"line":36,"column":37}},"10":{"start":{"line":37,"column":16},"end":{"line":37,"column":46}},"11":{"start":{"line":44,"column":8},"end":{"line":51,"column":9}},"12":{"start":{"line":45,"column":22},"end":{"line":49,"column":17}},"13":{"start":{"line":50,"column":12},"end":{"line":50,"column":57}},"14":{"start":{"line":55,"column":22},"end":{"line":55,"column":43}},"15":{"start":{"line":56,"column":23},"end":{"line":56,"column":51}},"16":{"start":{"line":58,"column":29},"end":{"line":70,"column":9}},"17":{"start":{"line":59,"column":28},"end":{"line":68,"column":22}},"18":{"start":{"line":69,"column":10},"end":{"line":69,"column":27}},"19":{"start":{"line":72,"column":20},"end":{"line":72,"column":49}},"20":{"start":{"line":73,"column":8},"end":{"line":81,"column":9}},"21":{"start":{"line":73,"column":20},"end":{"line":73,"column":21}},"22":{"start":{"line":75,"column":25},"end":{"line":75,"column":39}},"23":{"start":{"line":76,"column":12},"end":{"line":79,"column":13}},"24":{"start":{"line":77,"column":16},"end":{"line":77,"column":54}},"25":{"start":{"line":78,"column":16},"end":{"line":78,"column":25}},"26":{"start":{"line":83,"column":8},"end":{"line":85,"column":11}},"27":{"start":{"line":84,"column":12},"end":{"line":84,"column":47}},"28":{"start":{"line":86,"column":23},"end":{"line":86,"column":57}},"29":{"start":{"line":87,"column":8},"end":{"line":87,"column":46}},"30":{"start":{"line":93,"column":8},"end":{"line":101,"column":9}},"31":{"start":{"line":95,"column":25},"end":{"line":97,"column":36}},"32":{"start":{"line":96,"column":16},"end":{"line":96,"column":37}},"33":{"start":{"line":98,"column":12},"end":{"line":98,"column":54}},"34":{"start":{"line":100,"column":12},"end":{"line":100,"column":50}},"35":{"start":{"line":107,"column":8},"end":{"line":117,"column":10}},"36":{"start":{"line":114,"column":12},"end":{"line":116,"column":14}},"37":{"start":{"line":115,"column":16},"end":{"line":115,"column":37}},"38":{"start":{"line":120,"column":10},"end":{"line":120,"column":28}},"39":{"start":{"line":126,"column":8},"end":{"line":134,"column":9}}},"fnMap":{"0":{"name":"(anonymous_0)","decl":{"start":{"line":7,"column":4},"end":{"line":7,"column":5}},"loc":{"start":{"line":7,"column":23},"end":{"line":23,"column":5}},"line":7},"1":{"name":"(anonymous_1)","decl":{"start":{"line":25,"column":5},"end":{"line":25,"column":6}},"loc":{"start":{"line":25,"column":34},"end":{"line":41,"column":5}},"line":25},"2":{"name":"(anonymous_2)","decl":{"start":{"line":32,"column":16},"end":{"line":32,"column":17}},"loc":{"start":{"line":32,"column":28},"end":{"line":40,"column":9}},"line":32},"3":{"name":"(anonymous_3)","decl":{"start":{"line":35,"column":63},"end":{"line":35,"column":64}},"loc":{"start":{"line":35,"column":69},"end":{"line":38,"column":13}},"line":35},"4":{"name":"(anonymous_4)","decl":{"start":{"line":43,"column":4},"end":{"line":43,"column":5}},"loc":{"start":{"line":43,"column":29},"end":{"line":52,"column":5}},"line":43},"5":{"name":"(anonymous_5)","decl":{"start":{"line":54,"column":4},"end":{"line":54,"column":5}},"loc":{"start":{"line":54,"column":20},"end":{"line":89,"column":5}},"line":54},"6":{"name":"(anonymous_6)","decl":{"start":{"line":58,"column":29},"end":{"line":58,"column":30}},"loc":{"start":{"line":58,"column":39},"end":{"line":70,"column":9}},"line":58},"7":{"name":"(anonymous_7)","decl":{"start":{"line":83,"column":51},"end":{"line":83,"column":52}},"loc":{"start":{"line":83,"column":63},"end":{"line":85,"column":9}},"line":83},"8":{"name":"(anonymous_8)","decl":{"start":{"line":91,"column":4},"end":{"line":91,"column":5}},"loc":{"start":{"line":91,"column":28},"end":{"line":103,"column":5}},"line":91},"9":{"name":"(anonymous_9)","decl":{"start":{"line":95,"column":43},"end":{"line":95,"column":44}},"loc":{"start":{"line":95,"column":48},"end":{"line":97,"column":13}},"line":95},"10":{"name":"(anonymous_10)","decl":{"start":{"line":106,"column":4},"end":{"line":106,"column":5}},"loc":{"start":{"line":106,"column":17},"end":{"line":118,"column":5}},"line":106},"11":{"name":"(anonymous_11)","decl":{"start":{"line":111,"column":16},"end":{"line":111,"column":17}},"loc":{"start":{"line":111,"column":28},"end":{"line":117,"column":9}},"line":111},"12":{"name":"(anonymous_12)","decl":{"start":{"line":114,"column":63},"end":{"line":114,"column":64}},"loc":{"start":{"line":114,"column":68},"end":{"line":116,"column":13}},"line":114},"13":{"name":"(anonymous_13)","decl":{"start":{"line":119,"column":4},"end":{"line":119,"column":5}},"loc":{"start":{"line":119,"column":24},"end":{"line":122,"column":5}},"line":119},"14":{"name":"(anonymous_14)","decl":{"start":{"line":124,"column":4},"end":{"line":124,"column":5}},"loc":{"start":{"line":124,"column":13},"end":{"line":135,"column":5}},"line":124}},"branchMap":{"0":{"loc":{"start":{"line":25,"column":16},"end":{"line":25,"column":32}},"type":"default-arg","locations":[{"start":{"line":25,"column":23},"end":{"line":25,"column":32}}],"line":25},"1":{"loc":{"start":{"line":44,"column":8},"end":{"line":51,"column":9}},"type":"if","locations":[{"start":{"line":44,"column":8},"end":{"line":51,"column":9}},{"start":{"line":44,"column":8},"end":{"line":51,"column":9}}],"line":44},"2":{"loc":{"start":{"line":76,"column":12},"end":{"line":79,"column":13}},"type":"if","locations":[{"start":{"line":76,"column":12},"end":{"line":79,"column":13}},{"start":{"line":76,"column":12},"end":{"line":79,"column":13}}],"line":76},"3":{"loc":{"start":{"line":93,"column":8},"end":{"line":101,"column":9}},"type":"if","locations":[{"start":{"line":93,"column":8},"end":{"line":101,"column":9}},{"start":{"line":93,"column":8},"end":{"line":101,"column":9}}],"line":93}},"s":{"0":2,"1":2,"2":2,"3":2,"4":2,"5":2,"6":2,"7":2,"8":0,"9":0,"10":0,"11":0,"12":0,"13":0,"14":0,"15":0,"16":0,"17":0,"18":0,"19":0,"20":0,"21":0,"22":0,"23":0,"24":0,"25":0,"26":0,"27":0,"28":0,"29":0,"30":0,"31":0,"32":0,"33":0,"34":0,"35":0,"36":0,"37":0,"38":2,"39":2},"f":{"0":2,"1":2,"2":0,"3":0,"4":0,"5":0,"6":0,"7":0,"8":0,"9":0,"10":0,"11":0,"12":0,"13":2,"14":2},"b":{"0":[2],"1":[0,0],"2":[0,0],"3":[0,0]},"_coverageSchema":"1a1c01bbd47fc00a2c39e90264f33305004495a9","hash":"4d0d336ee69bf72e5cfb2ed96f6868b490313bb6"}
,"/Users/heltan/Documents/Atelier/client/src/components/ratingsReviews/stars.jsx": {"path":"/Users/heltan/Documents/Atelier/client/src/components/ratingsReviews/stars.jsx","statementMap":{"0":{"start":{"line":5,"column":8},"end":{"line":5,"column":21}},"1":{"start":{"line":6,"column":8},"end":{"line":8,"column":9}},"2":{"start":{"line":9,"column":8},"end":{"line":9,"column":65}},"3":{"start":{"line":13,"column":21},"end":{"line":13,"column":38}},"4":{"start":{"line":15,"column":24},"end":{"line":15,"column":42}},"5":{"start":{"line":20,"column":8},"end":{"line":20,"column":32}},"6":{"start":{"line":24,"column":8},"end":{"line":26,"column":14}}},"fnMap":{"0":{"name":"(anonymous_0)","decl":{"start":{"line":4,"column":4},"end":{"line":4,"column":5}},"loc":{"start":{"line":4,"column":23},"end":{"line":10,"column":5}},"line":4},"1":{"name":"(anonymous_1)","decl":{"start":{"line":11,"column":4},"end":{"line":11,"column":5}},"loc":{"start":{"line":11,"column":23},"end":{"line":18,"column":5}},"line":11},"2":{"name":"(anonymous_2)","decl":{"start":{"line":19,"column":4},"end":{"line":19,"column":5}},"loc":{"start":{"line":19,"column":24},"end":{"line":21,"column":5}},"line":19},"3":{"name":"(anonymous_3)","decl":{"start":{"line":23,"column":4},"end":{"line":23,"column":5}},"loc":{"start":{"line":23,"column":14},"end":{"line":27,"column":5}},"line":23}},"branchMap":{},"s":{"0":0,"1":0,"2":0,"3":0,"4":0,"5":0,"6":0},"f":{"0":0,"1":0,"2":0,"3":0},"b":{},"_coverageSchema":"1a1c01bbd47fc00a2c39e90264f33305004495a9","hash":"a3a4f05c05e54a53c2435b791c77f57917c748d5"}
,"/Users/heltan/Documents/Atelier/test/atelier.js": {"path":"/Users/heltan/Documents/Atelier/test/atelier.js","statementMap":{"0":{"start":{"line":7,"column":2},"end":{"line":7,"column":15}},"1":{"start":{"line":10,"column":0},"end":{"line":10,"column":21}}},"fnMap":{"0":{"name":"sum","decl":{"start":{"line":6,"column":9},"end":{"line":6,"column":12}},"loc":{"start":{"line":6,"column":19},"end":{"line":8,"column":1}},"line":6}},"branchMap":{},"s":{"0":1,"1":1},"f":{"0":1},"b":{},"_coverageSchema":"1a1c01bbd47fc00a2c39e90264f33305004495a9","hash":"9cfd31444cd06fec961ad179a3a08d45bc3efae5"}
}
