TN:
SF:client/src/components/ratingsReviews/images.jsx
FN:4,(anonymous_0)
FN:12,(anonymous_1)
FN:15,(anonymous_2)
FN:22,(anonymous_3)
FN:26,(anonymous_4)
FNF:5
FNH:0
FNDA:0,(anonymous_0)
FNDA:0,(anonymous_1)
FNDA:0,(anonymous_2)
FNDA:0,(anonymous_3)
FNDA:0,(anonymous_4)
DA:5,0
DA:6,0
DA:10,0
DA:14,0
DA:15,0
DA:16,0
DA:18,0
DA:19,0
DA:24,0
DA:27,0
LF:10
LH:0
BRF:0
BRH:0
end_of_record
TN:
SF:client/src/components/ratingsReviews/ratings.jsx
FN:7,(anonymous_0)
FN:25,(anonymous_1)
FN:32,(anonymous_2)
FN:35,(anonymous_3)
FN:43,(anonymous_4)
FN:54,(anonymous_5)
FN:58,(anonymous_6)
FN:83,(anonymous_7)
FN:91,(anonymous_8)
FN:95,(anonymous_9)
FN:106,(anonymous_10)
FN:111,(anonymous_11)
FN:114,(anonymous_12)
FN:119,(anonymous_13)
FN:124,(anonymous_14)
FNF:15
FNH:4
FNDA:2,(anonymous_0)
FNDA:2,(anonymous_1)
FNDA:0,(anonymous_2)
FNDA:0,(anonymous_3)
FNDA:0,(anonymous_4)
FNDA:0,(anonymous_5)
FNDA:0,(anonymous_6)
FNDA:0,(anonymous_7)
FNDA:0,(anonymous_8)
FNDA:0,(anonymous_9)
FNDA:0,(anonymous_10)
FNDA:0,(anonymous_11)
FNDA:0,(anonymous_12)
FNDA:2,(anonymous_13)
FNDA:2,(anonymous_14)
DA:8,2
DA:9,2
DA:18,2
DA:19,2
DA:20,2
DA:21,2
DA:22,2
DA:26,2
DA:35,0
DA:36,0
DA:37,0
DA:44,0
DA:45,0
DA:50,0
DA:55,0
DA:56,0
DA:58,0
DA:59,0
DA:69,0
DA:72,0
DA:73,0
DA:75,0
DA:76,0
DA:77,0
DA:78,0
DA:83,0
DA:84,0
DA:86,0
DA:87,0
DA:93,0
DA:95,0
DA:96,0
DA:98,0
DA:100,0
DA:107,0
DA:114,0
DA:115,0
DA:120,2
DA:126,2
LF:39
LH:10
BRDA:25,0,0,2
BRDA:44,1,0,0
BRDA:44,1,1,0
BRDA:76,2,0,0
BRDA:76,2,1,0
BRDA:93,3,0,0
BRDA:93,3,1,0
BRF:7
BRH:1
end_of_record
TN:
SF:client/src/components/ratingsReviews/stars.jsx
FN:4,(anonymous_0)
FN:11,(anonymous_1)
FN:19,(anonymous_2)
FN:23,(anonymous_3)
FNF:4
FNH:0
FNDA:0,(anonymous_0)
FNDA:0,(anonymous_1)
FNDA:0,(anonymous_2)
FNDA:0,(anonymous_3)
DA:5,0
DA:6,0
DA:9,0
DA:13,0
DA:15,0
DA:20,0
DA:24,0
LF:7
LH:0
BRF:0
BRH:0
end_of_record
TN:
SF:test/atelier.js
FN:6,sum
FNF:1
FNH:1
FNDA:1,sum
DA:7,1
DA:10,1
LF:2
LH:2
BRF:0
BRH:0
end_of_record
